<?xml version="1.0" encoding="UTF-8"?>
<!-- Generated by org.testng.reporters.JUnitReportReporter -->
<testsuite skipped="0" hostname="ajitbiswas-laptop" name="com.logiceinvoice.scripts.TestLogin" tests="1" failures="0" timestamp="01 Apr 2018 11:01:14 GMT" time="16.052" errors="0">
  <testcase name="testLogin" time="16.052" classname="com.logiceinvoice.scripts.TestLogin"/>
</testsuite> <!-- com.logiceinvoice.scripts.TestLogin -->
